0 verbose cli C:\Program Files\nodejs\node.exe C:\Users\kajal\AppData\Roaming\npm\node_modules\npm\bin\npm-cli.js
1 info using npm@10.8.3
2 info using node@v22.11.0
3 silly config load:file:C:\Users\kajal\AppData\Roaming\npm\node_modules\npm\npmrc
4 silly config load:file:E:\Node\staticServer\.npmrc
5 silly config load:file:C:\Users\kajal\.npmrc
6 silly config load:file:C:\Users\kajal\AppData\Roaming\npm\etc\npmrc
7 verbose title npm i nodemon
8 verbose argv "i" "nodemon"
9 verbose logfile logs-max:10 dir:E:\Node\staticServer\path\to\another\directory\.npm-cache\_logs\2024-11-23T05_52_44_327Z-
10 verbose logfile E:\Node\staticServer\path\to\another\directory\.npm-cache\_logs\2024-11-23T05_52_44_327Z-debug-0.log
11 silly packumentCache heap:2197815296 maxSize:549453824 maxEntrySize:274726912
12 silly logfile done cleaning log files
13 silly idealTree buildDeps
14 silly fetch manifest nodemon@^3.1.7
15 silly packumentCache full:https://registry.npmjs.org/nodemon cache-miss
16 http fetch GET 200 https://registry.npmjs.org/nodemon 233ms (cache revalidated)
17 silly packumentCache full:https://registry.npmjs.org/nodemon set size:647001 disposed:false
18 silly placeDep ROOT nodemon@3.1.7 REPLACE for: staticserver@1.0.0 want: ^3.1.7
19 silly reify moves {}
20 silly audit bulk request {
20 silly audit   accepts: [ '1.3.8' ],
20 silly audit   anymatch: [ '3.1.3' ],
20 silly audit   'array-flatten': [ '1.1.1' ],
20 silly audit   'balanced-match': [ '1.0.2' ],
20 silly audit   'binary-extensions': [ '2.3.0' ],
20 silly audit   'body-parser': [ '1.20.3' ],
20 silly audit   'brace-expansion': [ '1.1.11' ],
20 silly audit   braces: [ '3.0.3' ],
20 silly audit   bytes: [ '3.1.2' ],
20 silly audit   'call-bind': [ '1.0.7' ],
20 silly audit   chokidar: [ '3.6.0' ],
20 silly audit   'concat-map': [ '0.0.1' ],
20 silly audit   'content-disposition': [ '0.5.4' ],
20 silly audit   'content-type': [ '1.0.5' ],
20 silly audit   cookie: [ '0.7.1' ],
20 silly audit   'cookie-signature': [ '1.0.6' ],
20 silly audit   debug: [ '2.6.9', '4.3.7' ],
20 silly audit   'define-data-property': [ '1.1.4' ],
20 silly audit   depd: [ '2.0.0' ],
20 silly audit   destroy: [ '1.2.0' ],
20 silly audit   'ee-first': [ '1.1.1' ],
20 silly audit   encodeurl: [ '2.0.0', '1.0.2' ],
20 silly audit   'es-define-property': [ '1.0.0' ],
20 silly audit   'es-errors': [ '1.3.0' ],
20 silly audit   'escape-html': [ '1.0.3' ],
20 silly audit   etag: [ '1.8.1' ],
20 silly audit   express: [ '4.21.1' ],
20 silly audit   'fill-range': [ '7.1.1' ],
20 silly audit   finalhandler: [ '1.3.1' ],
20 silly audit   forwarded: [ '0.2.0' ],
20 silly audit   fresh: [ '0.5.2' ],
20 silly audit   fsevents: [ '2.3.3' ],
20 silly audit   'function-bind': [ '1.1.2' ],
20 silly audit   'get-intrinsic': [ '1.2.4' ],
20 silly audit   'glob-parent': [ '5.1.2' ],
20 silly audit   gopd: [ '1.0.1' ],
20 silly audit   'has-flag': [ '3.0.0' ],
20 silly audit   'has-property-descriptors': [ '1.0.2' ],
20 silly audit   'has-proto': [ '1.0.3' ],
20 silly audit   'has-symbols': [ '1.0.3' ],
20 silly audit   hasown: [ '2.0.2' ],
20 silly audit   'http-errors': [ '2.0.0' ],
20 silly audit   'iconv-lite': [ '0.4.24' ],
20 silly audit   'ignore-by-default': [ '1.0.1' ],
20 silly audit   inherits: [ '2.0.4' ],
20 silly audit   'ipaddr.js': [ '1.9.1' ],
20 silly audit   'is-binary-path': [ '2.1.0' ],
20 silly audit   'is-extglob': [ '2.1.1' ],
20 silly audit   'is-glob': [ '4.0.3' ],
20 silly audit   'is-number': [ '7.0.0' ],
20 silly audit   'media-typer': [ '0.3.0' ],
20 silly audit   'merge-descriptors': [ '1.0.3' ],
20 silly audit   methods: [ '1.1.2' ],
20 silly audit   mime: [ '1.6.0' ],
20 silly audit   'mime-db': [ '1.52.0' ],
20 silly audit   'mime-types': [ '2.1.35' ],
20 silly audit   minimatch: [ '3.1.2' ],
20 silly audit   ms: [ '2.0.0', '2.1.3' ],
20 silly audit   negotiator: [ '0.6.3' ],
20 silly audit   'normalize-path': [ '3.0.0' ],
20 silly audit   'object-inspect': [ '1.13.3' ],
20 silly audit   'on-finished': [ '2.4.1' ],
20 silly audit   parseurl: [ '1.3.3' ],
20 silly audit   'path-to-regexp': [ '0.1.10' ],
20 silly audit   picomatch: [ '2.3.1' ],
20 silly audit   'proxy-addr': [ '2.0.7' ],
20 silly audit   'pstree.remy': [ '1.1.8' ],
20 silly audit   qs: [ '6.13.0' ],
20 silly audit   'range-parser': [ '1.2.1' ],
20 silly audit   'raw-body': [ '2.5.2' ],
20 silly audit   readdirp: [ '3.6.0' ],
20 silly audit   'safe-buffer': [ '5.2.1' ],
20 silly audit   'safer-buffer': [ '2.1.2' ],
20 silly audit   semver: [ '7.6.3' ],
20 silly audit   send: [ '0.19.0' ],
20 silly audit   'serve-static': [ '1.16.2' ],
20 silly audit   'set-function-length': [ '1.2.2' ],
20 silly audit   setprototypeof: [ '1.2.0' ],
20 silly audit   'side-channel': [ '1.0.6' ],
20 silly audit   'simple-update-notifier': [ '2.0.0' ],
20 silly audit   statuses: [ '2.0.1' ],
20 silly audit   'supports-color': [ '5.5.0' ],
20 silly audit   'to-regex-range': [ '5.0.1' ],
20 silly audit   toidentifier: [ '1.0.1' ],
20 silly audit   touch: [ '3.1.1' ],
20 silly audit   'type-is': [ '1.6.18' ],
20 silly audit   undefsafe: [ '2.0.5' ],
20 silly audit   unpipe: [ '1.0.0' ],
20 silly audit   'utils-merge': [ '1.0.1' ],
20 silly audit   vary: [ '1.1.2' ],
20 silly audit   nodemon: [ '3.1.7' ]
20 silly audit }
21 verbose reify failed optional dependency E:\Node\staticServer\node_modules\fsevents
22 silly reify mark deleted [ 'E:\\Node\\staticServer\\node_modules\\fsevents' ]
23 http fetch POST 200 https://registry.npmjs.org/-/npm/v1/security/advisories/bulk 300ms
24 silly audit report {}
25 silly ADD
26 verbose cwd E:\Node\staticServer
27 verbose os Windows_NT 10.0.26100
28 verbose node v22.11.0
29 verbose npm  v10.8.3
30 verbose exit 0
31 info ok
