0 verbose cli C:\Program Files\nodejs\node.exe C:\Users\kajal\AppData\Roaming\npm\node_modules\npm\bin\npm-cli.js
1 info using npm@10.8.3
2 info using node@v22.11.0
3 silly config load:file:C:\Users\kajal\AppData\Roaming\npm\node_modules\npm\npmrc
4 silly config load:file:E:\Node\staticServer\.npmrc
5 silly config load:file:C:\Users\kajal\.npmrc
6 silly config load:file:C:\Users\kajal\AppData\Roaming\npm\etc\npmrc
7 verbose title npm i nodemon
8 verbose argv "i" "nodemon"
9 verbose logfile logs-max:10 dir:E:\Node\staticServer\path\to\another\directory\.npm-cache\_logs\2024-11-23T05_22_48_000Z-
10 verbose logfile E:\Node\staticServer\path\to\another\directory\.npm-cache\_logs\2024-11-23T05_22_48_000Z-debug-0.log
11 silly packumentCache heap:2197815296 maxSize:549453824 maxEntrySize:274726912
12 silly logfile done cleaning log files
13 silly idealTree buildDeps
14 silly fetch manifest nodemon@*
15 silly packumentCache full:https://registry.npmjs.org/nodemon cache-miss
16 http fetch GET 200 https://registry.npmjs.org/nodemon 690ms (cache miss)
17 silly packumentCache full:https://registry.npmjs.org/nodemon set size:undefined disposed:false
18 silly placeDep ROOT nodemon@3.1.7 OK for: staticserver@1.0.0 want: *
19 silly fetch manifest debug@^4
20 silly packumentCache full:https://registry.npmjs.org/debug cache-miss
21 silly fetch manifest touch@^3.1.0
22 silly packumentCache full:https://registry.npmjs.org/touch cache-miss
23 silly fetch manifest semver@^7.5.3
24 silly packumentCache full:https://registry.npmjs.org/semver cache-miss
25 silly fetch manifest chokidar@^3.5.2
26 silly packumentCache full:https://registry.npmjs.org/chokidar cache-miss
27 silly fetch manifest minimatch@^3.1.2
28 silly packumentCache full:https://registry.npmjs.org/minimatch cache-miss
29 silly fetch manifest undefsafe@^2.0.5
30 silly packumentCache full:https://registry.npmjs.org/undefsafe cache-miss
31 silly fetch manifest pstree.remy@^1.1.8
32 silly packumentCache full:https://registry.npmjs.org/pstree.remy cache-miss
33 silly fetch manifest supports-color@^5.5.0
34 silly packumentCache full:https://registry.npmjs.org/supports-color cache-miss
35 silly fetch manifest ignore-by-default@^1.0.1
36 silly packumentCache full:https://registry.npmjs.org/ignore-by-default cache-miss
37 silly fetch manifest simple-update-notifier@^2.0.0
38 silly packumentCache full:https://registry.npmjs.org/simple-update-notifier cache-miss
39 http fetch GET 200 https://registry.npmjs.org/debug 29ms (cache hit)
40 silly packumentCache full:https://registry.npmjs.org/debug set size:188929 disposed:false
41 http fetch GET 200 https://registry.npmjs.org/touch 200ms (cache miss)
42 silly packumentCache full:https://registry.npmjs.org/touch set size:undefined disposed:false
43 http fetch GET 200 https://registry.npmjs.org/supports-color 403ms (cache miss)
44 silly packumentCache full:https://registry.npmjs.org/supports-color set size:undefined disposed:false
45 http fetch GET 200 https://registry.npmjs.org/undefsafe 515ms (cache miss)
46 silly packumentCache full:https://registry.npmjs.org/undefsafe set size:undefined disposed:false
47 http fetch GET 200 https://registry.npmjs.org/ignore-by-default 515ms (cache miss)
48 silly packumentCache full:https://registry.npmjs.org/ignore-by-default set size:undefined disposed:false
49 http fetch GET 200 https://registry.npmjs.org/simple-update-notifier 516ms (cache miss)
50 silly packumentCache full:https://registry.npmjs.org/simple-update-notifier set size:undefined disposed:false
51 http fetch GET 200 https://registry.npmjs.org/pstree.remy 518ms (cache miss)
52 silly packumentCache full:https://registry.npmjs.org/pstree.remy set size:undefined disposed:false
53 http fetch GET 200 https://registry.npmjs.org/chokidar 525ms (cache miss)
54 silly packumentCache full:https://registry.npmjs.org/chokidar set size:undefined disposed:false
55 http fetch GET 200 https://registry.npmjs.org/semver 530ms (cache miss)
56 silly packumentCache full:https://registry.npmjs.org/semver set size:undefined disposed:false
57 http fetch GET 200 https://registry.npmjs.org/minimatch 598ms (cache miss)
58 silly packumentCache full:https://registry.npmjs.org/minimatch set size:undefined disposed:false
59 silly placeDep ROOT chokidar@3.6.0 OK for: nodemon@3.1.7 want: ^3.5.2
60 silly placeDep node_modules/nodemon debug@4.3.7 OK for: nodemon@3.1.7 want: ^4
61 silly placeDep ROOT ignore-by-default@1.0.1 OK for: nodemon@3.1.7 want: ^1.0.1
62 silly placeDep ROOT minimatch@3.1.2 OK for: nodemon@3.1.7 want: ^3.1.2
63 silly placeDep ROOT pstree.remy@1.1.8 OK for: nodemon@3.1.7 want: ^1.1.8
64 silly placeDep ROOT semver@7.6.3 OK for: nodemon@3.1.7 want: ^7.5.3
65 silly placeDep ROOT simple-update-notifier@2.0.0 OK for: nodemon@3.1.7 want: ^2.0.0
66 silly placeDep ROOT supports-color@5.5.0 OK for: nodemon@3.1.7 want: ^5.5.0
67 silly placeDep ROOT touch@3.1.1 OK for: nodemon@3.1.7 want: ^3.1.0
68 silly placeDep ROOT undefsafe@2.0.5 OK for: nodemon@3.1.7 want: ^2.0.5
69 silly fetch manifest braces@~3.0.2
70 silly packumentCache full:https://registry.npmjs.org/braces cache-miss
71 silly fetch manifest is-glob@~4.0.1
72 silly packumentCache full:https://registry.npmjs.org/is-glob cache-miss
73 silly fetch manifest anymatch@~3.1.2
74 silly packumentCache full:https://registry.npmjs.org/anymatch cache-miss
75 silly fetch manifest readdirp@~3.6.0
76 silly packumentCache full:https://registry.npmjs.org/readdirp cache-miss
77 silly fetch manifest glob-parent@~5.1.2
78 silly packumentCache full:https://registry.npmjs.org/glob-parent cache-miss
79 silly fetch manifest is-binary-path@~2.1.0
80 silly packumentCache full:https://registry.npmjs.org/is-binary-path cache-miss
81 silly fetch manifest normalize-path@~3.0.0
82 silly packumentCache full:https://registry.npmjs.org/normalize-path cache-miss
83 silly fetch manifest fsevents@~2.3.2
84 silly packumentCache full:https://registry.npmjs.org/fsevents cache-miss
85 silly fetch manifest ms@^2.1.3
86 silly packumentCache full:https://registry.npmjs.org/ms cache-miss
87 silly fetch manifest brace-expansion@^1.1.7
88 silly packumentCache full:https://registry.npmjs.org/brace-expansion cache-miss
89 silly fetch manifest has-flag@^3.0.0
90 silly packumentCache full:https://registry.npmjs.org/has-flag cache-miss
91 http fetch GET 200 https://registry.npmjs.org/ms 17ms (cache hit)
92 silly packumentCache full:https://registry.npmjs.org/ms set size:84885 disposed:false
93 http fetch GET 200 https://registry.npmjs.org/normalize-path 208ms (cache miss)
94 silly packumentCache full:https://registry.npmjs.org/normalize-path set size:undefined disposed:false
95 http fetch GET 200 https://registry.npmjs.org/glob-parent 211ms (cache miss)
96 silly packumentCache full:https://registry.npmjs.org/glob-parent set size:undefined disposed:false
97 http fetch GET 200 https://registry.npmjs.org/is-glob 213ms (cache miss)
98 silly packumentCache full:https://registry.npmjs.org/is-glob set size:undefined disposed:false
99 http fetch GET 200 https://registry.npmjs.org/brace-expansion 212ms (cache miss)
100 silly packumentCache full:https://registry.npmjs.org/brace-expansion set size:undefined disposed:false
101 http fetch GET 200 https://registry.npmjs.org/braces 216ms (cache miss)
102 silly packumentCache full:https://registry.npmjs.org/braces set size:undefined disposed:false
103 http fetch GET 200 https://registry.npmjs.org/is-binary-path 217ms (cache miss)
104 silly packumentCache full:https://registry.npmjs.org/is-binary-path set size:undefined disposed:false
105 http fetch GET 200 https://registry.npmjs.org/anymatch 219ms (cache miss)
106 silly packumentCache full:https://registry.npmjs.org/anymatch set size:undefined disposed:false
107 http fetch GET 200 https://registry.npmjs.org/fsevents 219ms (cache miss)
108 silly packumentCache full:https://registry.npmjs.org/fsevents set size:undefined disposed:false
109 http fetch GET 200 https://registry.npmjs.org/readdirp 223ms (cache miss)
110 silly packumentCache full:https://registry.npmjs.org/readdirp set size:undefined disposed:false
111 http fetch GET 200 https://registry.npmjs.org/has-flag 503ms (cache miss)
112 silly packumentCache full:https://registry.npmjs.org/has-flag set size:undefined disposed:false
113 silly placeDep ROOT anymatch@3.1.3 OK for: chokidar@3.6.0 want: ~3.1.2
114 silly placeDep ROOT braces@3.0.3 OK for: chokidar@3.6.0 want: ~3.0.2
115 silly placeDep ROOT fsevents@2.3.3 OK for: chokidar@3.6.0 want: ~2.3.2
116 silly placeDep ROOT glob-parent@5.1.2 OK for: chokidar@3.6.0 want: ~5.1.2
117 silly placeDep ROOT is-binary-path@2.1.0 OK for: chokidar@3.6.0 want: ~2.1.0
118 silly placeDep ROOT is-glob@4.0.3 OK for: chokidar@3.6.0 want: ~4.0.1
119 silly placeDep ROOT normalize-path@3.0.0 OK for: chokidar@3.6.0 want: ~3.0.0
120 silly placeDep ROOT readdirp@3.6.0 OK for: chokidar@3.6.0 want: ~3.6.0
121 silly fetch manifest picomatch@^2.0.4
122 silly packumentCache full:https://registry.npmjs.org/picomatch cache-miss
123 silly fetch manifest normalize-path@^3.0.0
124 silly packumentCache full:https://registry.npmjs.org/normalize-path cache-miss
125 silly fetch manifest fill-range@^7.1.1
126 silly packumentCache full:https://registry.npmjs.org/fill-range cache-miss
127 silly fetch manifest is-glob@^4.0.1
128 silly packumentCache full:https://registry.npmjs.org/is-glob cache-miss
129 silly fetch manifest binary-extensions@^2.0.0
130 silly packumentCache full:https://registry.npmjs.org/binary-extensions cache-miss
131 silly fetch manifest is-extglob@^2.1.1
132 silly packumentCache full:https://registry.npmjs.org/is-extglob cache-miss
133 silly fetch manifest picomatch@^2.2.1
134 silly packumentCache full:https://registry.npmjs.org/picomatch cache-miss
135 http fetch GET 200 https://registry.npmjs.org/is-glob 14ms (cache hit)
136 silly packumentCache full:https://registry.npmjs.org/is-glob set size:40530 disposed:false
137 http fetch GET 200 https://registry.npmjs.org/normalize-path 14ms (cache hit)
138 silly packumentCache full:https://registry.npmjs.org/normalize-path set size:28713 disposed:false
139 http fetch GET 200 https://registry.npmjs.org/is-extglob 195ms (cache miss)
140 silly packumentCache full:https://registry.npmjs.org/is-extglob set size:undefined disposed:false
141 http fetch GET 200 https://registry.npmjs.org/binary-extensions 199ms (cache miss)
142 silly packumentCache full:https://registry.npmjs.org/binary-extensions set size:undefined disposed:false
143 http fetch GET 200 https://registry.npmjs.org/fill-range 202ms (cache miss)
144 silly packumentCache full:https://registry.npmjs.org/fill-range set size:undefined disposed:false
145 http fetch GET 200 https://registry.npmjs.org/picomatch 205ms (cache miss)
146 silly packumentCache full:https://registry.npmjs.org/picomatch set size:undefined disposed:false
147 http fetch GET 200 https://registry.npmjs.org/picomatch 209ms (cache miss)
148 silly packumentCache full:https://registry.npmjs.org/picomatch set size:undefined disposed:false
149 silly placeDep ROOT picomatch@2.3.1 OK for: anymatch@3.1.3 want: ^2.0.4
150 silly placeDep ROOT fill-range@7.1.1 OK for: braces@3.0.3 want: ^7.1.1
151 silly fetch manifest to-regex-range@^5.0.1
152 silly packumentCache full:https://registry.npmjs.org/to-regex-range cache-miss
153 http fetch GET 200 https://registry.npmjs.org/to-regex-range 181ms (cache miss)
154 silly packumentCache full:https://registry.npmjs.org/to-regex-range set size:undefined disposed:false
155 silly placeDep ROOT to-regex-range@5.0.1 OK for: fill-range@7.1.1 want: ^5.0.1
156 silly fetch manifest is-number@^7.0.0
157 silly packumentCache full:https://registry.npmjs.org/is-number cache-miss
158 http fetch GET 200 https://registry.npmjs.org/is-number 210ms (cache miss)
159 silly packumentCache full:https://registry.npmjs.org/is-number set size:undefined disposed:false
160 silly placeDep ROOT binary-extensions@2.3.0 OK for: is-binary-path@2.1.0 want: ^2.0.0
161 silly placeDep ROOT is-extglob@2.1.1 OK for: is-glob@4.0.3 want: ^2.1.1
162 silly placeDep ROOT brace-expansion@1.1.11 OK for: minimatch@3.1.2 want: ^1.1.7
163 silly fetch manifest balanced-match@^1.0.0
164 silly packumentCache full:https://registry.npmjs.org/balanced-match cache-miss
165 silly fetch manifest concat-map@0.0.1
166 silly packumentCache full:https://registry.npmjs.org/concat-map cache-miss
167 http fetch GET 200 https://registry.npmjs.org/balanced-match 199ms (cache miss)
168 silly packumentCache full:https://registry.npmjs.org/balanced-match set size:undefined disposed:false
169 http fetch GET 200 https://registry.npmjs.org/concat-map 200ms (cache miss)
170 silly packumentCache full:https://registry.npmjs.org/concat-map set size:undefined disposed:false
171 silly placeDep ROOT balanced-match@1.0.2 OK for: brace-expansion@1.1.11 want: ^1.0.0
172 silly placeDep ROOT concat-map@0.0.1 OK for: brace-expansion@1.1.11 want: 0.0.1
173 silly placeDep ROOT has-flag@3.0.0 OK for: supports-color@5.5.0 want: ^3.0.0
174 silly placeDep ROOT is-number@7.0.0 OK for: to-regex-range@5.0.1 want: ^7.0.0
175 silly placeDep node_modules/nodemon ms@2.1.3 OK for: debug@4.3.7 want: ^2.1.3
176 silly reify moves {}
177 silly audit bulk request {
177 silly audit   accepts: [ '1.3.8' ],
177 silly audit   'array-flatten': [ '1.1.1' ],
177 silly audit   'body-parser': [ '1.20.3' ],
177 silly audit   bytes: [ '3.1.2' ],
177 silly audit   'call-bind': [ '1.0.7' ],
177 silly audit   'content-disposition': [ '0.5.4' ],
177 silly audit   'content-type': [ '1.0.5' ],
177 silly audit   cookie: [ '0.7.1' ],
177 silly audit   'cookie-signature': [ '1.0.6' ],
177 silly audit   debug: [ '2.6.9', '4.3.7' ],
177 silly audit   'define-data-property': [ '1.1.4' ],
177 silly audit   depd: [ '2.0.0' ],
177 silly audit   destroy: [ '1.2.0' ],
177 silly audit   'ee-first': [ '1.1.1' ],
177 silly audit   encodeurl: [ '2.0.0', '1.0.2' ],
177 silly audit   'es-define-property': [ '1.0.0' ],
177 silly audit   'es-errors': [ '1.3.0' ],
177 silly audit   'escape-html': [ '1.0.3' ],
177 silly audit   etag: [ '1.8.1' ],
177 silly audit   express: [ '4.21.1' ],
177 silly audit   finalhandler: [ '1.3.1' ],
177 silly audit   forwarded: [ '0.2.0' ],
177 silly audit   fresh: [ '0.5.2' ],
177 silly audit   'function-bind': [ '1.1.2' ],
177 silly audit   'get-intrinsic': [ '1.2.4' ],
177 silly audit   gopd: [ '1.0.1' ],
177 silly audit   'has-property-descriptors': [ '1.0.2' ],
177 silly audit   'has-proto': [ '1.0.3' ],
177 silly audit   'has-symbols': [ '1.0.3' ],
177 silly audit   hasown: [ '2.0.2' ],
177 silly audit   'http-errors': [ '2.0.0' ],
177 silly audit   'iconv-lite': [ '0.4.24' ],
177 silly audit   inherits: [ '2.0.4' ],
177 silly audit   'ipaddr.js': [ '1.9.1' ],
177 silly audit   'media-typer': [ '0.3.0' ],
177 silly audit   'merge-descriptors': [ '1.0.3' ],
177 silly audit   methods: [ '1.1.2' ],
177 silly audit   mime: [ '1.6.0' ],
177 silly audit   'mime-db': [ '1.52.0' ],
177 silly audit   'mime-types': [ '2.1.35' ],
177 silly audit   ms: [ '2.0.0', '2.1.3' ],
177 silly audit   negotiator: [ '0.6.3' ],
177 silly audit   'object-inspect': [ '1.13.3' ],
177 silly audit   'on-finished': [ '2.4.1' ],
177 silly audit   parseurl: [ '1.3.3' ],
177 silly audit   'path-to-regexp': [ '0.1.10' ],
177 silly audit   'proxy-addr': [ '2.0.7' ],
177 silly audit   qs: [ '6.13.0' ],
177 silly audit   'range-parser': [ '1.2.1' ],
177 silly audit   'raw-body': [ '2.5.2' ],
177 silly audit   'safe-buffer': [ '5.2.1' ],
177 silly audit   'safer-buffer': [ '2.1.2' ],
177 silly audit   send: [ '0.19.0' ],
177 silly audit   'serve-static': [ '1.16.2' ],
177 silly audit   'set-function-length': [ '1.2.2' ],
177 silly audit   setprototypeof: [ '1.2.0' ],
177 silly audit   'side-channel': [ '1.0.6' ],
177 silly audit   statuses: [ '2.0.1' ],
177 silly audit   toidentifier: [ '1.0.1' ],
177 silly audit   'type-is': [ '1.6.18' ],
177 silly audit   unpipe: [ '1.0.0' ],
177 silly audit   'utils-merge': [ '1.0.1' ],
177 silly audit   vary: [ '1.1.2' ],
177 silly audit   nodemon: [ '3.1.7' ],
177 silly audit   chokidar: [ '3.6.0' ],
177 silly audit   'ignore-by-default': [ '1.0.1' ],
177 silly audit   minimatch: [ '3.1.2' ],
177 silly audit   'pstree.remy': [ '1.1.8' ],
177 silly audit   semver: [ '7.6.3' ],
177 silly audit   'simple-update-notifier': [ '2.0.0' ],
177 silly audit   'supports-color': [ '5.5.0' ],
177 silly audit   touch: [ '3.1.1' ],
177 silly audit   undefsafe: [ '2.0.5' ],
177 silly audit   anymatch: [ '3.1.3' ],
177 silly audit   braces: [ '3.0.3' ],
177 silly audit   fsevents: [ '2.3.3' ],
177 silly audit   'glob-parent': [ '5.1.2' ],
177 silly audit   'is-binary-path': [ '2.1.0' ],
177 silly audit   'is-glob': [ '4.0.3' ],
177 silly audit   'normalize-path': [ '3.0.0' ],
177 silly audit   readdirp: [ '3.6.0' ],
177 silly audit   picomatch: [ '2.3.1' ],
177 silly audit   'fill-range': [ '7.1.1' ],
177 silly audit   'to-regex-range': [ '5.0.1' ],
177 silly audit   'binary-extensions': [ '2.3.0' ],
177 silly audit   'is-extglob': [ '2.1.1' ],
177 silly audit   'brace-expansion': [ '1.1.11' ],
177 silly audit   'balanced-match': [ '1.0.2' ],
177 silly audit   'concat-map': [ '0.0.1' ],
177 silly audit   'has-flag': [ '3.0.0' ],
177 silly audit   'is-number': [ '7.0.0' ]
177 silly audit }
178 verbose reify failed optional dependency E:\Node\staticServer\node_modules\fsevents
179 silly reify mark deleted [ 'E:\\Node\\staticServer\\node_modules\\fsevents' ]
180 silly tarball no local data for has-flag@https://registry.npmjs.org/has-flag/-/has-flag-3.0.0.tgz. Extracting by manifest.
181 silly tarball no local data for is-number@https://registry.npmjs.org/is-number/-/is-number-7.0.0.tgz. Extracting by manifest.
182 silly tarball no local data for balanced-match@https://registry.npmjs.org/balanced-match/-/balanced-match-1.0.2.tgz. Extracting by manifest.
183 silly tarball no local data for is-extglob@https://registry.npmjs.org/is-extglob/-/is-extglob-2.1.1.tgz. Extracting by manifest.
184 silly tarball no local data for binary-extensions@https://registry.npmjs.org/binary-extensions/-/binary-extensions-2.3.0.tgz. Extracting by manifest.
185 silly tarball no local data for brace-expansion@https://registry.npmjs.org/brace-expansion/-/brace-expansion-1.1.11.tgz. Extracting by manifest.
186 silly tarball no local data for readdirp@https://registry.npmjs.org/readdirp/-/readdirp-3.6.0.tgz. Extracting by manifest.
187 silly tarball no local data for fill-range@https://registry.npmjs.org/fill-range/-/fill-range-7.1.1.tgz. Extracting by manifest.
188 silly tarball no local data for to-regex-range@https://registry.npmjs.org/to-regex-range/-/to-regex-range-5.0.1.tgz. Extracting by manifest.
189 silly tarball no local data for picomatch@https://registry.npmjs.org/picomatch/-/picomatch-2.3.1.tgz. Extracting by manifest.
190 silly tarball no local data for concat-map@https://registry.npmjs.org/concat-map/-/concat-map-0.0.1.tgz. Extracting by manifest.
191 silly tarball no local data for is-glob@https://registry.npmjs.org/is-glob/-/is-glob-4.0.3.tgz. Extracting by manifest.
192 silly tarball no local data for is-binary-path@https://registry.npmjs.org/is-binary-path/-/is-binary-path-2.1.0.tgz. Extracting by manifest.
193 silly tarball no local data for braces@https://registry.npmjs.org/braces/-/braces-3.0.3.tgz. Extracting by manifest.
194 silly tarball no local data for glob-parent@https://registry.npmjs.org/glob-parent/-/glob-parent-5.1.2.tgz. Extracting by manifest.
195 silly tarball no local data for touch@https://registry.npmjs.org/touch/-/touch-3.1.1.tgz. Extracting by manifest.
196 silly tarball no local data for anymatch@https://registry.npmjs.org/anymatch/-/anymatch-3.1.3.tgz. Extracting by manifest.
197 silly tarball no local data for simple-update-notifier@https://registry.npmjs.org/simple-update-notifier/-/simple-update-notifier-2.0.0.tgz. Extracting by manifest.
198 silly tarball no local data for normalize-path@https://registry.npmjs.org/normalize-path/-/normalize-path-3.0.0.tgz. Extracting by manifest.
199 silly tarball no local data for supports-color@https://registry.npmjs.org/supports-color/-/supports-color-5.5.0.tgz. Extracting by manifest.
200 silly tarball no local data for pstree.remy@https://registry.npmjs.org/pstree.remy/-/pstree.remy-1.1.8.tgz. Extracting by manifest.
201 silly tarball no local data for semver@https://registry.npmjs.org/semver/-/semver-7.6.3.tgz. Extracting by manifest.
202 silly tarball no local data for minimatch@https://registry.npmjs.org/minimatch/-/minimatch-3.1.2.tgz. Extracting by manifest.
203 silly tarball no local data for ignore-by-default@https://registry.npmjs.org/ignore-by-default/-/ignore-by-default-1.0.1.tgz. Extracting by manifest.
204 silly tarball no local data for chokidar@https://registry.npmjs.org/chokidar/-/chokidar-3.6.0.tgz. Extracting by manifest.
205 silly tarball no local data for nodemon@https://registry.npmjs.org/nodemon/-/nodemon-3.1.7.tgz. Extracting by manifest.
206 silly tarball no local data for undefsafe@https://registry.npmjs.org/undefsafe/-/undefsafe-2.0.5.tgz. Extracting by manifest.
207 silly tarball no local data for debug@https://registry.npmjs.org/debug/-/debug-4.3.7.tgz. Extracting by manifest.
208 http fetch GET 200 https://registry.npmjs.org/binary-extensions/-/binary-extensions-2.3.0.tgz 169ms (cache miss)
209 http fetch GET 200 https://registry.npmjs.org/brace-expansion/-/brace-expansion-1.1.11.tgz 170ms (cache miss)
210 http fetch GET 200 https://registry.npmjs.org/has-flag/-/has-flag-3.0.0.tgz 292ms (cache miss)
211 http fetch GET 200 https://registry.npmjs.org/balanced-match/-/balanced-match-1.0.2.tgz 292ms (cache miss)
212 http fetch GET 200 https://registry.npmjs.org/is-number/-/is-number-7.0.0.tgz 294ms (cache miss)
213 http fetch GET 200 https://registry.npmjs.org/fill-range/-/fill-range-7.1.1.tgz 293ms (cache miss)
214 http fetch GET 200 https://registry.npmjs.org/is-extglob/-/is-extglob-2.1.1.tgz 294ms (cache miss)
215 http fetch GET 200 https://registry.npmjs.org/readdirp/-/readdirp-3.6.0.tgz 295ms (cache miss)
216 http fetch GET 200 https://registry.npmjs.org/to-regex-range/-/to-regex-range-5.0.1.tgz 296ms (cache miss)
217 http fetch POST 200 https://registry.npmjs.org/-/npm/v1/security/advisories/bulk 391ms
218 silly audit report {}
219 http fetch GET 200 https://registry.npmjs.org/touch/-/touch-3.1.1.tgz 378ms (cache miss)
220 http fetch GET 200 https://registry.npmjs.org/glob-parent/-/glob-parent-5.1.2.tgz 380ms (cache miss)
221 http fetch GET 200 https://registry.npmjs.org/anymatch/-/anymatch-3.1.3.tgz 380ms (cache miss)
222 http fetch GET 200 https://registry.npmjs.org/normalize-path/-/normalize-path-3.0.0.tgz 484ms (cache miss)
223 http fetch GET 200 https://registry.npmjs.org/supports-color/-/supports-color-5.5.0.tgz 486ms (cache miss)
224 http fetch GET 200 https://registry.npmjs.org/minimatch/-/minimatch-3.1.2.tgz 485ms (cache miss)
225 http fetch GET 200 https://registry.npmjs.org/chokidar/-/chokidar-3.6.0.tgz 491ms (cache miss)
226 http fetch GET 200 https://registry.npmjs.org/pstree.remy/-/pstree.remy-1.1.8.tgz 492ms (cache miss)
227 http fetch GET 200 https://registry.npmjs.org/simple-update-notifier/-/simple-update-notifier-2.0.0.tgz 500ms (cache miss)
228 http fetch GET 200 https://registry.npmjs.org/picomatch/-/picomatch-2.3.1.tgz 503ms (cache miss)
229 http fetch GET 200 https://registry.npmjs.org/semver/-/semver-7.6.3.tgz 527ms (cache miss)
230 http fetch GET 200 https://registry.npmjs.org/undefsafe/-/undefsafe-2.0.5.tgz 571ms (cache miss)
231 http fetch GET 200 https://registry.npmjs.org/ignore-by-default/-/ignore-by-default-1.0.1.tgz 573ms (cache miss)
232 http fetch GET 200 https://registry.npmjs.org/nodemon/-/nodemon-3.1.7.tgz 671ms (cache miss)
233 http fetch GET 200 https://registry.npmjs.org/is-binary-path/-/is-binary-path-2.1.0.tgz 677ms (cache miss)
234 http fetch GET 200 https://registry.npmjs.org/is-glob/-/is-glob-4.0.3.tgz 678ms (cache miss)
235 http fetch GET 200 https://registry.npmjs.org/concat-map/-/concat-map-0.0.1.tgz 682ms (cache miss)
236 http fetch GET 200 https://registry.npmjs.org/debug/-/debug-4.3.7.tgz 674ms (cache miss)
237 http fetch GET 200 https://registry.npmjs.org/braces/-/braces-3.0.3.tgz 687ms (cache miss)
238 silly ADD node_modules/is-number
239 silly ADD node_modules/has-flag
240 silly ADD node_modules/concat-map
241 silly ADD node_modules/balanced-match
242 silly ADD node_modules/brace-expansion
243 silly ADD node_modules/is-extglob
244 silly ADD node_modules/binary-extensions
245 silly ADD node_modules/to-regex-range
246 silly ADD node_modules/fill-range
247 silly ADD node_modules/picomatch
248 silly ADD node_modules/readdirp
249 silly ADD node_modules/normalize-path
250 silly ADD node_modules/is-glob
251 silly ADD node_modules/is-binary-path
252 silly ADD node_modules/glob-parent
253 silly ADD
254 silly ADD node_modules/braces
255 silly ADD node_modules/anymatch
256 silly ADD node_modules/undefsafe
257 silly ADD node_modules/touch
258 silly ADD node_modules/supports-color
259 silly ADD node_modules/simple-update-notifier
260 silly ADD node_modules/semver
261 silly ADD node_modules/pstree.remy
262 silly ADD node_modules/minimatch
263 silly ADD node_modules/ignore-by-default
264 silly ADD node_modules/chokidar
265 silly ADD node_modules/nodemon
266 silly ADD node_modules/nodemon/node_modules/ms
267 silly ADD node_modules/nodemon/node_modules/debug
268 verbose cwd E:\Node\staticServer
269 verbose os Windows_NT 10.0.26100
270 verbose node v22.11.0
271 verbose npm  v10.8.3
272 verbose exit 0
273 info ok
